<?xml version="1.0" encoding="UTF-8"?>
<!-- Generated by org.testng.reporters.JUnitReportReporter -->
<testsuite hostname="LTGB012079" failures="0" tests="2" name="Selenium.demoqa.tests.HomePageTest" time="15.725" errors="0" timestamp="2025-06-18T11:15:28 BST" skipped="0">
  <testcase classname="Selenium.demoqa.tests.HomePageTest" name="verifyElementsCardIsVisibleAndClickable" time="9.630"/>
  <testcase classname="Selenium.demoqa.tests.HomePageTest" name="verifyHomePageLoadsSuccessfully" time="6.095"/>
</testsuite> <!-- Selenium.demoqa.tests.HomePageTest -->
